--- Startup times for process: Primary/TUI ---

times in msec
 clock   self+sourced   self:  sourced script
 clock   elapsed:              other lines

000.002  000.002: --- NVIM STARTING ---
000.103  000.101: event init
000.183  000.080: early init
000.239  000.055: locale set
000.297  000.058: init first window
001.441  001.144: inits 1
001.451  000.010: window checked
001.453  000.002: parsing arguments
001.843  000.027  000.027: require('vim.shared')
001.904  000.031  000.031: require('vim.inspect')
001.937  000.024  000.024: require('vim._options')
001.938  000.092  000.037: require('vim._editor')
001.939  000.143  000.024: require('vim._init_packages')
001.940  000.345: init lua interpreter
003.147  001.206: --- NVIM STARTED ---

--- Startup times for process: Embedded ---

times in msec
 clock   self+sourced   self:  sourced script
 clock   elapsed:              other lines

000.002  000.002: --- NVIM STARTING ---
000.108  000.106: event init
000.185  000.077: early init
000.261  000.076: locale set
000.302  000.040: init first window
001.005  000.703: inits 1
001.018  000.013: window checked
001.019  000.001: parsing arguments
001.383  000.027  000.027: require('vim.shared')
001.445  000.034  000.034: require('vim.inspect')
001.479  000.024  000.024: require('vim._options')
001.480  000.094  000.036: require('vim._editor')
001.481  000.144  000.024: require('vim._init_packages')
001.482  000.318: init lua interpreter
001.551  000.069: expanding arguments
001.561  000.010: inits 2
001.719  000.157: init highlight
001.719  000.001: waiting for UI
001.827  000.107: done waiting for UI
001.829  000.002: clear screen
001.876  000.005  000.005: require('vim.keymap')
003.597  001.383  001.383: require('vim.termcap')
004.225  000.619  000.619: require('vim.text')
004.301  002.471  000.464: require('vim._defaults')
004.302  000.002: init default mappings & autocommands
004.617  000.036  000.036: sourcing /home/samay/bin/nvim-linux-x86_64/share/nvim/runtime/ftplugin.vim
005.124  000.017  000.017: sourcing /home/samay/bin/nvim-linux-x86_64/share/nvim/runtime/indent.vim
007.591  000.004  000.004: require('vim.F')
007.613  001.246  001.242: require('vim.diagnostic')
009.248  001.477  001.477: require('lazy')
009.308  000.013  000.013: require('ffi')
009.342  000.017  000.017: require('vim.fs')
009.961  000.616  000.616: require('vim.uri')
009.970  000.660  000.028: require('vim.loader')
010.842  000.851  000.851: require('lazy.stats')
011.430  000.572  000.572: require('lazy.core.util')
012.051  000.619  000.619: require('lazy.core.config')
013.178  000.588  000.588: require('lazy.core.handler')
015.002  000.665  000.665: require('lazy.pkg')
015.007  001.260  000.595: require('lazy.core.meta')
015.010  001.830  000.571: require('lazy.core.plugin')
015.014  002.961  000.542: require('lazy.core.loader')
015.834  000.554  000.554: require('lazy.core.fragments')
018.294  000.490  000.490: require('lazy.core.handler.event')
018.297  001.033  000.542: require('lazy.core.handler.ft')
018.802  000.502  000.502: require('lazy.core.handler.keys')
019.348  000.544  000.544: require('lazy.core.handler.cmd')
021.214  001.181  001.181: sourcing /home/samay/bin/nvim-linux-x86_64/share/nvim/runtime/filetype.lua
026.011  000.667  000.667: require('nvim-treesitter.utils')
029.484  000.491  000.491: require('vim.treesitter.language')
029.999  000.511  000.511: require('vim.func')
030.532  000.531  000.531: require('vim.func._memoize')
030.544  002.180  000.647: require('vim.treesitter.query')
031.064  000.519  000.519: require('vim.treesitter._range')
031.072  003.464  000.765: require('vim.treesitter.languagetree')
031.076  004.128  000.664: require('vim.treesitter')
031.559  005.544  001.417: require('nvim-treesitter.parsers')
033.671  000.488  000.488: require('nvim-treesitter.compat')
034.714  000.517  000.517: require('nvim-treesitter.ts_utils')
034.718  001.042  000.525: require('nvim-treesitter.tsrange')
035.363  000.644  000.644: require('nvim-treesitter.caching')
035.370  002.749  000.575: require('nvim-treesitter.query')
035.382  003.321  000.572: require('nvim-treesitter.configs')
035.383  003.823  000.502: require('nvim-treesitter.info')
035.912  000.528  000.528: require('nvim-treesitter.shell_command_selectors')
035.929  011.210  000.647: require('nvim-treesitter.install')
036.509  000.578  000.578: require('nvim-treesitter.statusline')
037.032  000.522  000.522: require('nvim-treesitter.query_predicates')
037.034  014.342  002.033: require('nvim-treesitter')
037.447  015.319  000.976: sourcing /home/samay/.local/share/nvim/lazy/nvim-treesitter/plugin/nvim-treesitter.lua
039.461  000.590  000.590: require('nvim-treesitter.indent')
040.058  000.573  000.573: require('nvim-treesitter.highlight')
043.278  000.471  000.471: require('mason-core.path')
045.076  000.471  000.471: require('mason-core.functional.data')
045.667  000.588  000.588: require('mason-core.functional.function')
046.318  000.647  000.647: require('mason-core.functional.list')
046.768  000.443  000.443: require('mason-core.functional.relation')
047.353  000.584  000.584: require('mason-core.functional.logic')
047.973  000.618  000.618: require('mason-core.functional.number')
048.490  000.510  000.510: require('mason-core.functional.string')
049.170  000.663  000.663: require('mason-core.functional.table')
049.673  000.488  000.488: require('mason-core.functional.type')
049.681  005.733  000.721: require('mason-core.functional')
049.735  006.454  000.721: require('mason-core.platform')
050.203  000.467  000.467: require('mason.settings')
050.206  007.940  000.548: require('mason-core.installer.InstallLocation')
052.139  000.652  000.652: require('mason-core.log')
052.143  001.194  000.542: require('mason-core.EventEmitter')
052.678  000.534  000.534: require('mason-registry.sources')
052.687  002.479  000.752: require('mason-registry')
052.688  011.520  001.101: require('mason')
053.359  000.506  000.506: require('mason.api.command')
058.069  000.936  000.936: require('mason.version')
058.082  002.874  001.938: require('mason-tool-installer')
058.096  003.385  000.510: sourcing /home/samay/.local/share/nvim/lazy/mason-tool-installer.nvim/plugin/mason-tool-installer.lua
062.420  000.659  000.659: require('fidget.spinner.patterns')
062.424  001.347  000.688: require('fidget.spinner')
063.054  000.629  000.629: require('fidget.options')
063.060  002.504  000.529: require('fidget.progress.display')
064.206  000.545  000.545: require('fidget.logger')
065.683  000.651  000.651: require('vim.lsp.log')
066.405  000.720  000.720: require('vim.lsp.protocol')
067.843  000.683  000.683: require('vim.lsp._snippet_grammar')
068.509  000.663  000.663: require('vim.highlight')
068.519  002.111  000.765: require('vim.lsp.util')
069.696  000.594  000.594: require('vim.lsp.sync')
069.700  001.179  000.585: require('vim.lsp._changetracking')
070.318  000.616  000.616: require('vim.lsp.rpc')
070.389  006.180  000.904: require('vim.lsp')
071.206  000.815  000.815: require('vim.lsp.handlers')
071.210  008.149  000.609: require('fidget.progress.lsp')
073.074  000.505  000.505: require('fidget.poll')
073.078  001.020  000.515: require('fidget.notification.model')
073.582  000.502  000.502: require('fidget.notification.window')
074.133  000.548  000.548: require('fidget.notification.view')
074.140  002.512  000.442: require('fidget.notification')
074.142  002.930  000.418: require('fidget.progress.handle')
074.147  014.075  000.492: require('fidget.progress')
074.744  000.596  000.596: require('fidget.commands')
075.742  000.528  000.528: require('fidget.integration.nvim-tree')
076.306  000.563  000.563: require('fidget.integration.xcodebuild-nvim')
076.309  001.562  000.471: require('fidget.integration')
076.311  017.521  001.288: require('fidget')
084.696  000.753  000.753: require('lspconfig.util')
085.293  000.585  000.585: require('vim.version')
087.072  003.653  002.315: sourcing /home/samay/.local/share/nvim/lazy/nvim-lspconfig/plugin/lspconfig.lua
089.595  000.774  000.774: require('cmp_nvim_lsp.source')
089.600  002.182  001.408: require('cmp_nvim_lsp')
091.094  000.575  000.575: require('mason-lspconfig.settings')
091.102  001.254  000.679: require('mason-lspconfig')
092.336  000.739  000.739: require('mason-core.async')
093.571  000.646  000.646: require('mason-core.async.control')
094.178  000.604  000.604: require('mason-core.result')
095.407  000.573  000.573: require('mason-core.async.uv')
095.416  001.236  000.663: require('mason-core.fs')
095.434  003.095  000.610: require('mason-registry.installer')
097.755  000.745  000.745: require('mason-core.optional')
099.737  000.822  000.822: require('mason-core.process')
100.348  000.609  000.609: require('mason-core.spawn')
100.352  002.051  000.621: require('mason-core.installer.managers.powershell')
100.355  002.597  000.546: require('mason-core.fetch')
100.929  000.573  000.573: require('mason-core.providers')
102.963  000.576  000.576: require('mason-core.purl')
102.969  001.008  000.432: require('mason-core.package.AbstractPackage')
104.876  000.544  000.544: require('mason-core.installer.compiler.expr')
104.881  000.987  000.443: require('mason-core.installer.compiler.link')
107.939  000.503  000.503: require('mason-core.installer.context.InstallContextCwd')
108.406  000.465  000.465: require('mason-core.installer.context.InstallContextFs')
108.842  000.435  000.435: require('mason-core.installer.context.InstallContextSpawn')
109.479  000.635  000.635: require('mason-core.receipt')
109.491  002.537  000.499: require('mason-core.installer.context')
109.492  003.683  001.146: require('mason-core.installer')
109.502  004.180  000.497: require('mason-core.installer.managers.std')
109.503  004.621  000.442: require('mason-core.installer.compiler.schemas')
110.005  000.501  000.501: require('mason-core.installer.compiler.util')
110.011  006.533  000.424: require('mason-core.installer.compiler')
110.649  000.636  000.636: require('mason-core.installer.linker')
110.652  007.682  000.513: require('mason-core.installer.InstallRunner')
111.093  000.439  000.439: require('mason-core.installer.UninstallRunner')
111.097  009.669  000.540: require('mason-core.package')
111.099  010.156  000.487: require('mason-registry.sources.util')
111.105  014.677  000.606: require('mason-registry.sources.github')
115.700  000.536  000.536: require('mason-lspconfig.mappings')
115.704  001.035  000.498: require('mason-lspconfig.features.automatic_enable')
133.269  001.327  001.327: require('gitsigns')
134.015  000.666  000.666: require('gitsigns.highlight')
134.577  000.507  000.507: require('gitsigns.debug.log')
135.139  000.558  000.558: require('gitsigns.config')
136.024  000.513  000.513: require('gitsigns.debounce')
136.038  004.676  001.105: sourcing /home/samay/.local/share/nvim/lazy/gitsigns.nvim/plugin/gitsigns.lua
137.967  001.372  001.372: require('mini.ai')
138.927  000.679  000.679: require('mini.surround')
139.738  000.583  000.583: require('mini.statusline')
140.555  000.186  000.186: sourcing /home/samay/.local/share/nvim/lazy/vim-sleuth/plugin/sleuth.vim
143.175  000.547  000.547: require('osc52.base64')
143.182  001.798  001.251: require('osc52')
145.381  000.494  000.494: require('gitsigns.async')
145.479  000.689  000.195: sourcing /home/samay/bin/nvim-linux-x86_64/share/nvim/runtime/plugin/matchparen.vim
146.109  000.134  000.134: sourcing /home/samay/.local/share/nvim/lazy/vim-matchup/autoload/matchup.vim
146.670  000.052  000.052: sourcing /home/samay/.local/share/nvim/lazy/vim-matchup/autoload/matchup/perf.vim
147.881  000.497  000.497: require('treesitter-matchup')
148.045  000.697  000.200: sourcing /home/samay/.local/share/nvim/lazy/vim-matchup/autoload/matchup/loader.vim
148.921  000.315  000.315: sourcing /home/samay/.local/share/nvim/lazy/vim-matchup/autoload/matchup/matchparen.vim
149.723  005.943  004.056: sourcing /home/samay/.local/share/nvim/lazy/vim-matchup/plugin/matchup.vim
151.152  000.521  000.521: sourcing /home/samay/bin/nvim-linux-x86_64/share/nvim/runtime/plugin/editorconfig.lua
151.788  000.092  000.092: sourcing /home/samay/bin/nvim-linux-x86_64/share/nvim/runtime/plugin/gzip.vim
152.847  000.564  000.564: sourcing /home/samay/bin/nvim-linux-x86_64/share/nvim/runtime/plugin/man.lua
153.443  000.014  000.014: sourcing /home/samay/bin/nvim-linux-x86_64/share/nvim/runtime/plugin/matchit.vim
153.966  000.009  000.009: sourcing /home/samay/bin/nvim-linux-x86_64/share/nvim/runtime/plugin/matchparen.vim
154.690  000.147  000.147: sourcing /home/samay/bin/nvim-linux-x86_64/share/nvim/runtime/plugin/netrwPlugin.vim
155.767  000.560  000.560: sourcing /home/samay/bin/nvim-linux-x86_64/share/nvim/runtime/plugin/osc52.lua
156.390  000.102  000.102: sourcing /home/samay/bin/nvim-linux-x86_64/share/nvim/runtime/plugin/rplugin.vim
157.010  000.032  000.032: sourcing /home/samay/bin/nvim-linux-x86_64/share/nvim/runtime/plugin/shada.vim
157.593  000.011  000.011: sourcing /home/samay/bin/nvim-linux-x86_64/share/nvim/runtime/plugin/spellfile.vim
158.114  000.046  000.046: sourcing /home/samay/bin/nvim-linux-x86_64/share/nvim/runtime/plugin/tarPlugin.vim
159.299  000.616  000.616: sourcing /home/samay/bin/nvim-linux-x86_64/share/nvim/runtime/plugin/tohtml.lua
159.910  000.013  000.013: sourcing /home/samay/bin/nvim-linux-x86_64/share/nvim/runtime/plugin/tutor.vim
160.598  000.065  000.065: sourcing /home/samay/bin/nvim-linux-x86_64/share/nvim/runtime/plugin/zipPlugin.vim
161.570  000.003  000.003: sourcing /home/samay/.local/share/nvim/lazy/vim-matchup/after/plugin/matchit.vim
163.228  000.480  000.480: sourcing /home/samay/.local/share/nvim/lazy/cmp-nvim-lsp/after/plugin/cmp_nvim_lsp.lua
168.144  001.369  001.369: sourcing /home/samay/.config/nvim/colors/monokai_pro.lua
168.523  162.881  054.739: sourcing /home/samay/.config/nvim/init.lua
168.730  001.494: sourcing vimrc file(s)
169.827  000.620  000.620: sourcing /home/samay/bin/nvim-linux-x86_64/share/nvim/runtime/filetype.lua
171.042  000.040  000.040: sourcing /home/samay/bin/nvim-linux-x86_64/share/nvim/runtime/syntax/synload.vim
171.403  000.815  000.774: sourcing /home/samay/bin/nvim-linux-x86_64/share/nvim/runtime/syntax/syntax.vim
171.590  001.425: inits 3
174.617  003.027: reading ShaDa
175.306  000.032  000.032: sourcing /home/samay/.local/share/nvim/lazy/vim-matchup/autoload/matchup/ts_engine.vim
176.676  000.553  000.553: require('treesitter-matchup.compat')
177.237  000.559  000.559: require('treesitter-matchup.third-party.query')
177.790  000.551  000.551: require('treesitter-matchup.third-party.lru')
178.279  000.487  000.487: require('treesitter-matchup.util')
179.399  000.519  000.519: require('vim.treesitter.highlighter')
179.401  001.121  000.602: require('treesitter-matchup.third-party.utils')
179.411  003.879  000.608: require('treesitter-matchup.internal')
180.125  000.014  000.014: sourcing /home/samay/.local/share/nvim/lazy/vim-matchup/autoload/matchup/re.vim
180.469  001.927: opening buffers
180.480  000.010: BufEnter autocommands
180.481  000.001: editing files in windows
181.851  000.022  000.022: sourcing /home/samay/.local/share/nvim/lazy/plenary.nvim/plugin/plenary.vim
182.593  000.015  000.015: sourcing /home/samay/.local/share/nvim/lazy/todo-comments.nvim/plugin/todo.vim
185.366  000.519  000.519: require('todo-comments.util')
185.374  001.178  000.659: require('todo-comments.config')
186.568  000.598  000.598: require('todo-comments.highlight')
186.570  001.194  000.596: require('todo-comments.jump')
186.572  003.768  001.396: require('todo-comments')
189.760  000.687  000.687: sourcing /home/samay/.local/share/nvim/lazy/telescope.nvim/plugin/telescope.lua
192.084  000.599  000.599: require('telescope._extensions')
192.088  002.004  001.405: require('telescope')
192.719  000.630  000.630: require('telescope.themes')
195.002  000.471  000.471: require('plenary.bit')
195.578  000.574  000.574: require('plenary.functional')
195.599  001.560  000.514: require('plenary.path')
195.609  002.092  000.532: require('plenary.strings')
196.177  000.567  000.567: require('telescope.deprecated')
197.718  000.580  000.580: require('plenary.log')
197.763  001.080  000.500: require('telescope.log')
199.304  000.543  000.543: require('plenary.compat')
199.315  001.023  000.479: require('plenary.job')
199.979  000.663  000.663: require('telescope.state')
199.991  002.227  000.541: require('telescope.utils')
199.994  003.815  000.508: require('telescope.sorters')
201.131  008.402  001.928: require('telescope.config')
203.094  000.787  000.787: require('fzf_lib')
203.098  001.401  000.614: require('telescope._extensions.fzf')
203.636  000.531  000.531: require('telescope._extensions.ui-select')
206.999  000.420  000.420: require('plenary.tbl')
207.002  001.032  000.612: require('plenary.vararg.rotate')
207.003  001.620  000.588: require('plenary.vararg')
207.440  000.436  000.436: require('plenary.errors')
207.443  002.645  000.588: require('plenary.async.async')
210.022  000.489  000.489: require('plenary.async.structs')
210.032  001.088  000.599: require('plenary.async.control')
210.050  002.087  000.999: require('plenary.async.util')
210.053  002.609  000.522: require('plenary.async.tests')
210.054  005.611  000.357: require('plenary.async')
211.198  000.602  000.602: require('plenary.window.border')
211.792  000.593  000.593: require('plenary.window')
212.454  000.660  000.660: require('plenary.popup.utils')
212.459  002.404  000.549: require('plenary.popup')
213.844  000.720  000.720: require('telescope.pickers.scroller')
214.620  000.774  000.774: require('telescope.actions.state')
215.197  000.575  000.575: require('telescope.actions.utils')
216.411  000.616  000.616: require('telescope.actions.mt')
216.433  001.234  000.618: require('telescope.actions.set')
217.526  000.539  000.539: require('telescope.config.resolve')
217.529  001.095  000.556: require('telescope.pickers.entry_display')
218.093  000.563  000.563: require('telescope.from_entry')
218.326  005.865  000.906: require('telescope.actions')
218.867  000.540  000.540: require('telescope.debounce')
219.556  000.686  000.686: require('telescope.mappings')
220.078  000.519  000.519: require('telescope.pickers.highlights')
220.674  000.594  000.594: require('telescope.pickers.window')
222.058  000.709  000.709: require('telescope.algos.linked_list')
222.064  001.388  000.679: require('telescope.entry_manager')
222.653  000.588  000.588: require('telescope.pickers.multi')
222.672  019.035  000.840: require('telescope.pickers')
223.971  000.761  000.761: require('telescope.make_entry')
224.573  000.599  000.599: require('telescope.finders.async_static_finder')
226.188  000.489  000.489: require('plenary.class')
226.234  001.065  000.577: require('telescope._')
226.236  001.661  000.596: require('telescope.finders.async_oneshot_finder')
226.855  000.618  000.618: require('telescope.finders.async_job_finder')
226.862  004.188  000.549: require('telescope.finders')
227.434  000.566  000.566: require('vim.ui')
228.158  000.690  000.690: require('telescope.builtin')
229.628  000.576  000.576: sourcing /home/samay/.local/share/nvim/lazy/which-key.nvim/plugin/which-key.lua
231.604  001.683  001.683: require('which-key')
232.427  000.820  000.820: require('which-key.config')
232.792  007.293: VimEnter autocommands
232.817  000.026: UIEnter autocommands
232.818  000.001: before starting main loop
233.074  000.256: first screen update
233.075  000.001: --- NVIM STARTED ---

--- Startup times for process: Primary/TUI ---

times in msec
 clock   self+sourced   self:  sourced script
 clock   elapsed:              other lines

000.002  000.002: --- NVIM STARTING ---
000.116  000.115: event init
000.218  000.102: early init
000.265  000.047: locale set
000.329  000.065: init first window
001.573  001.243: inits 1
001.589  000.016: window checked
001.663  000.074: parsing arguments
002.101  000.034  000.034: require('vim.shared')
002.167  000.032  000.032: require('vim.inspect')
002.201  000.025  000.025: require('vim._options')
002.202  000.098  000.041: require('vim._editor')
002.203  000.159  000.028: require('vim._init_packages')
002.205  000.383: init lua interpreter
003.185  000.980: --- NVIM STARTED ---

--- Startup times for process: Embedded ---

times in msec
 clock   self+sourced   self:  sourced script
 clock   elapsed:              other lines

000.002  000.002: --- NVIM STARTING ---
000.121  000.120: event init
000.220  000.099: early init
000.278  000.057: locale set
000.332  000.054: init first window
001.023  000.691: inits 1
001.039  000.016: window checked
001.095  000.056: parsing arguments
001.498  000.026  000.026: require('vim.shared')
001.566  000.031  000.031: require('vim.inspect')
001.601  000.025  000.025: require('vim._options')
001.602  000.099  000.043: require('vim._editor')
001.602  000.161  000.035: require('vim._init_packages')
001.605  000.350: init lua interpreter
001.697  000.091: expanding arguments
001.712  000.015: inits 2
001.868  000.157: init highlight
001.869  000.001: waiting for UI
001.981  000.112: done waiting for UI
001.983  000.002: clear screen
002.032  000.006  000.006: require('vim.keymap')
003.752  001.367  001.367: require('vim.termcap')
004.298  000.537  000.537: require('vim.text')
004.372  002.388  000.477: require('vim._defaults')
004.373  000.002: init default mappings & autocommands
004.693  000.047  000.047: sourcing /home/samay/bin/nvim-linux-x86_64/share/nvim/runtime/ftplugin.vim
005.273  000.018  000.018: sourcing /home/samay/bin/nvim-linux-x86_64/share/nvim/runtime/indent.vim
007.716  000.004  000.004: require('vim.F')
007.742  001.256  001.253: require('vim.diagnostic')
009.255  001.400  001.400: require('lazy')
009.322  000.014  000.014: require('ffi')
009.356  000.017  000.017: require('vim.fs')
009.967  000.582  000.582: require('vim.uri')
009.977  000.654  000.055: require('vim.loader')
010.776  000.771  000.771: require('lazy.stats')
011.314  000.517  000.517: require('lazy.core.util')
011.967  000.652  000.652: require('lazy.core.config')
013.081  000.543  000.543: require('lazy.core.handler')
014.585  000.596  000.596: require('lazy.pkg')
014.590  001.069  000.473: require('lazy.core.meta')
014.594  001.511  000.442: require('lazy.core.plugin')
014.597  002.628  000.574: require('lazy.core.loader')
015.373  000.533  000.533: require('lazy.core.fragments')
017.331  000.500  000.500: require('lazy.core.handler.keys')
017.921  000.586  000.586: require('lazy.core.handler.cmd')
018.873  000.454  000.454: require('lazy.core.handler.event')
018.875  000.952  000.498: require('lazy.core.handler.ft')
020.392  001.062  001.062: sourcing /home/samay/bin/nvim-linux-x86_64/share/nvim/runtime/filetype.lua
023.913  000.497  000.497: require('mason-core.path')
025.544  000.532  000.532: require('mason-core.functional.data')
026.199  000.652  000.652: require('mason-core.functional.function')
026.754  000.549  000.549: require('mason-core.functional.list')
027.223  000.461  000.461: require('mason-core.functional.relation')
027.766  000.540  000.540: require('mason-core.functional.logic')
028.269  000.489  000.489: require('mason-core.functional.number')
028.812  000.534  000.534: require('mason-core.functional.string')
029.290  000.473  000.473: require('mason-core.functional.table')
029.848  000.555  000.555: require('mason-core.functional.type')
029.853  005.404  000.619: require('mason-core.functional')
029.898  005.981  000.577: require('mason-core.platform')
030.402  000.503  000.503: require('mason.settings')
030.406  007.470  000.490: require('mason-core.installer.InstallLocation')
032.017  000.602  000.602: require('mason-core.log')
032.023  001.119  000.516: require('mason-core.EventEmitter')
032.497  000.473  000.473: require('mason-registry.sources')
032.501  002.093  000.502: require('mason-registry')
032.502  011.056  001.492: require('mason')
033.334  000.734  000.734: require('mason.api.command')
037.713  000.829  000.829: require('mason.version')
037.723  002.855  002.026: require('mason-tool-installer')
037.739  003.267  000.412: sourcing /home/samay/.local/share/nvim/lazy/mason-tool-installer.nvim/plugin/mason-tool-installer.lua
041.289  000.469  000.469: require('fidget.spinner.patterns')
041.294  000.990  000.521: require('fidget.spinner')
041.793  000.497  000.497: require('fidget.options')
041.823  001.967  000.480: require('fidget.progress.display')
042.929  000.570  000.570: require('fidget.logger')
044.266  000.667  000.667: require('vim.lsp.log')
044.983  000.713  000.713: require('vim.lsp.protocol')
046.281  000.690  000.690: require('vim.lsp._snippet_grammar')
046.745  000.459  000.459: require('vim.highlight')
046.766  001.780  000.630: require('vim.lsp.util')
047.659  000.453  000.453: require('vim.lsp.sync')
047.666  000.898  000.444: require('vim.lsp._changetracking')
048.228  000.560  000.560: require('vim.lsp.rpc')
048.298  005.365  000.748: require('vim.lsp')
048.979  000.679  000.679: require('vim.lsp.handlers')
048.988  007.164  000.550: require('fidget.progress.lsp')
051.278  000.596  000.596: require('fidget.poll')
051.283  001.169  000.573: require('fidget.notification.model')
051.799  000.515  000.515: require('fidget.notification.window')
052.413  000.611  000.611: require('fidget.notification.view')
052.421  002.871  000.576: require('fidget.notification')
052.424  003.435  000.564: require('fidget.progress.handle')
052.449  013.028  000.462: require('fidget.progress')
052.911  000.460  000.460: require('fidget.commands')
053.883  000.496  000.496: require('fidget.integration.nvim-tree')
054.359  000.472  000.472: require('fidget.integration.xcodebuild-nvim')
054.368  001.454  000.486: require('fidget.integration')
054.395  016.054  001.111: require('fidget')
062.112  000.606  000.606: require('lspconfig.util')
062.788  000.670  000.670: require('vim.version')
063.775  002.891  001.615: sourcing /home/samay/.local/share/nvim/lazy/nvim-lspconfig/plugin/lspconfig.lua
065.829  000.483  000.483: require('cmp_nvim_lsp.source')
065.833  001.754  001.271: require('cmp_nvim_lsp')
067.203  000.451  000.451: require('mason-lspconfig.settings')
067.209  001.148  000.697: require('mason-lspconfig')
068.175  000.559  000.559: require('mason-core.async')
069.369  000.629  000.629: require('mason-core.async.control')
069.894  000.522  000.522: require('mason-core.result')
070.829  000.445  000.445: require('mason-core.async.uv')
070.835  000.940  000.495: require('mason-core.fs')
070.850  002.672  000.581: require('mason-registry.installer')
073.096  000.608  000.608: require('mason-core.optional')
074.458  000.471  000.471: require('mason-core.process')
075.305  000.844  000.844: require('mason-core.spawn')
075.309  001.695  000.380: require('mason-core.installer.managers.powershell')
075.311  002.212  000.517: require('mason-core.fetch')
075.770  000.458  000.458: require('mason-core.providers')
078.042  000.598  000.598: require('mason-core.purl')
078.050  001.108  000.511: require('mason-core.package.AbstractPackage')
080.243  000.474  000.474: require('mason-core.installer.compiler.expr')
080.254  001.059  000.585: require('mason-core.installer.compiler.link')
083.036  000.513  000.513: require('mason-core.installer.context.InstallContextCwd')
083.599  000.561  000.561: require('mason-core.installer.context.InstallContextFs')
084.394  000.794  000.794: require('mason-core.installer.context.InstallContextSpawn')
085.021  000.625  000.625: require('mason-core.receipt')
085.059  002.970  000.477: require('mason-core.installer.context')
085.060  003.689  000.718: require('mason-core.installer')
085.077  004.258  000.569: require('mason-core.installer.managers.std')
085.078  004.823  000.565: require('mason-core.installer.compiler.schemas')
085.617  000.538  000.538: require('mason-core.installer.compiler.util')
085.626  007.111  000.691: require('mason-core.installer.compiler')
086.167  000.539  000.539: require('mason-core.installer.linker')
086.172  008.120  000.469: require('mason-core.installer.InstallRunner')
086.673  000.501  000.501: require('mason-core.installer.UninstallRunner')
086.684  010.259  000.530: require('mason-core.package')
086.686  010.914  000.655: require('mason-registry.sources.util')
086.704  014.884  000.693: require('mason-registry.sources.github')
091.051  000.477  000.477: require('mason-lspconfig.mappings')
091.055  000.914  000.437: require('mason-lspconfig.features.automatic_enable')
104.899  000.096  000.096: sourcing /home/samay/bin/nvim-linux-x86_64/share/nvim/runtime/plugin/matchparen.vim
105.800  000.131  000.131: sourcing /home/samay/.local/share/nvim/lazy/vim-matchup/autoload/matchup.vim
106.351  000.047  000.047: sourcing /home/samay/.local/share/nvim/lazy/vim-matchup/autoload/matchup/perf.vim
111.501  000.524  000.524: require('nvim-treesitter.utils')
115.272  000.455  000.455: require('vim.treesitter.language')
115.722  000.447  000.447: require('vim.func')
116.146  000.421  000.421: require('vim.func._memoize')
116.156  001.848  000.526: require('vim.treesitter.query')
116.610  000.453  000.453: require('vim.treesitter._range')
116.620  003.016  000.715: require('vim.treesitter.languagetree')
116.624  004.158  001.143: require('vim.treesitter')
117.158  005.655  001.496: require('nvim-treesitter.parsers')
119.023  000.450  000.450: require('nvim-treesitter.compat')
119.936  000.450  000.450: require('nvim-treesitter.ts_utils')
119.940  000.915  000.465: require('nvim-treesitter.tsrange')
120.370  000.429  000.429: require('nvim-treesitter.caching')
120.383  002.245  000.451: require('nvim-treesitter.query')
120.392  002.763  000.518: require('nvim-treesitter.configs')
120.394  003.234  000.470: require('nvim-treesitter.info')
120.832  000.438  000.438: require('nvim-treesitter.shell_command_selectors')
120.847  010.414  000.565: require('nvim-treesitter.install')
121.337  000.489  000.489: require('nvim-treesitter.statusline')
121.919  000.580  000.580: require('nvim-treesitter.query_predicates')
121.921  012.810  001.327: require('nvim-treesitter')
122.254  013.653  000.843: sourcing /home/samay/.local/share/nvim/lazy/nvim-treesitter/plugin/nvim-treesitter.lua
124.391  000.464  000.464: require('nvim-treesitter.highlight')
124.905  000.495  000.495: require('nvim-treesitter.indent')
124.910  017.030  002.418: require('nvim-treesitter')
124.912  017.843  000.813: require('treesitter-matchup')
125.050  018.047  000.204: sourcing /home/samay/.local/share/nvim/lazy/vim-matchup/autoload/matchup/loader.vim
125.879  000.236  000.236: sourcing /home/samay/.local/share/nvim/lazy/vim-matchup/autoload/matchup/matchparen.vim
126.579  023.017  004.460: sourcing /home/samay/.local/share/nvim/lazy/vim-matchup/plugin/matchup.vim
128.133  001.316  001.316: require('mini.ai')
129.071  000.665  000.665: require('mini.surround')
129.811  000.559  000.559: require('mini.statusline')
131.909  001.030  001.030: require('gitsigns')
132.579  000.620  000.620: require('gitsigns.highlight')
133.120  000.533  000.533: require('gitsigns.debug.log')
133.608  000.486  000.486: require('gitsigns.config')
134.298  000.439  000.439: require('gitsigns.debounce')
134.308  003.942  000.834: sourcing /home/samay/.local/share/nvim/lazy/gitsigns.nvim/plugin/gitsigns.lua
135.363  000.186  000.186: sourcing /home/samay/.local/share/nvim/lazy/vim-sleuth/plugin/sleuth.vim
137.996  000.501  000.501: require('osc52.base64')
138.000  001.703  001.202: require('osc52')
139.055  000.399  000.399: sourcing /home/samay/bin/nvim-linux-x86_64/share/nvim/runtime/plugin/editorconfig.lua
139.561  000.078  000.078: sourcing /home/samay/bin/nvim-linux-x86_64/share/nvim/runtime/plugin/gzip.vim
140.719  000.586  000.586: sourcing /home/samay/bin/nvim-linux-x86_64/share/nvim/runtime/plugin/man.lua
141.152  000.011  000.011: sourcing /home/samay/bin/nvim-linux-x86_64/share/nvim/runtime/plugin/matchit.vim
141.658  000.008  000.008: sourcing /home/samay/bin/nvim-linux-x86_64/share/nvim/runtime/plugin/matchparen.vim
142.329  000.157  000.157: sourcing /home/samay/bin/nvim-linux-x86_64/share/nvim/runtime/plugin/netrwPlugin.vim
143.260  000.423  000.423: sourcing /home/samay/bin/nvim-linux-x86_64/share/nvim/runtime/plugin/osc52.lua
143.785  000.101  000.101: sourcing /home/samay/bin/nvim-linux-x86_64/share/nvim/runtime/plugin/rplugin.vim
144.337  000.034  000.034: sourcing /home/samay/bin/nvim-linux-x86_64/share/nvim/runtime/plugin/shada.vim
144.798  000.011  000.011: sourcing /home/samay/bin/nvim-linux-x86_64/share/nvim/runtime/plugin/spellfile.vim
145.322  000.045  000.045: sourcing /home/samay/bin/nvim-linux-x86_64/share/nvim/runtime/plugin/tarPlugin.vim
146.304  000.409  000.409: sourcing /home/samay/bin/nvim-linux-x86_64/share/nvim/runtime/plugin/tohtml.lua
146.751  000.014  000.014: sourcing /home/samay/bin/nvim-linux-x86_64/share/nvim/runtime/plugin/tutor.vim
147.255  000.069  000.069: sourcing /home/samay/bin/nvim-linux-x86_64/share/nvim/runtime/plugin/zipPlugin.vim
148.071  000.003  000.003: sourcing /home/samay/.local/share/nvim/lazy/vim-matchup/after/plugin/matchit.vim
149.146  000.416  000.416: sourcing /home/samay/.local/share/nvim/lazy/cmp-nvim-lsp/after/plugin/cmp_nvim_lsp.lua
152.890  001.075  001.075: sourcing /home/samay/.config/nvim/colors/monokai_pro.lua
153.390  147.593  044.910: sourcing /home/samay/.config/nvim/init.lua
153.583  001.552: sourcing vimrc file(s)
154.479  000.461  000.461: sourcing /home/samay/bin/nvim-linux-x86_64/share/nvim/runtime/filetype.lua
155.367  000.043  000.043: sourcing /home/samay/bin/nvim-linux-x86_64/share/nvim/runtime/syntax/synload.vim
155.624  000.627  000.584: sourcing /home/samay/bin/nvim-linux-x86_64/share/nvim/runtime/syntax/syntax.vim
155.867  001.197: inits 3
158.673  002.806: reading ShaDa
165.618  000.794  000.794: require('vim.filetype')
167.081  000.051  000.051: sourcing /home/samay/bin/nvim-linux-x86_64/share/nvim/runtime/ftplugin/lua.vim
174.226  000.655  000.655: require('vim.treesitter.highlighter')
174.333  006.795  006.141: sourcing /home/samay/bin/nvim-linux-x86_64/share/nvim/runtime/ftplugin/lua.lua
176.165  000.053  000.053: sourcing /home/samay/.local/share/nvim/lazy/vim-matchup/autoload/matchup/util.vim
176.433  000.671  000.617: sourcing /home/samay/.local/share/nvim/lazy/vim-matchup/after/ftplugin/lua_matchup.vim
177.457  000.030  000.030: sourcing /home/samay/bin/nvim-linux-x86_64/share/nvim/runtime/indent/lua.vim
179.624  001.727  001.727: require('lazydev')
180.160  000.533  000.533: require('lazydev.config')
180.937  000.716  000.716: require('lazydev.util')
182.008  000.043  000.043: sourcing /home/samay/bin/nvim-linux-x86_64/share/nvim/runtime/ftplugin/lua.vim
183.054  000.540  000.540: sourcing /home/samay/bin/nvim-linux-x86_64/share/nvim/runtime/ftplugin/lua.lua
184.427  000.040  000.040: sourcing /home/samay/.local/share/nvim/lazy/vim-matchup/after/ftplugin/lua_matchup.vim
185.437  000.020  000.020: sourcing /home/samay/bin/nvim-linux-x86_64/share/nvim/runtime/indent/lua.vim
186.652  000.033  000.033: sourcing /home/samay/.local/share/nvim/lazy/vim-matchup/autoload/matchup/ts_engine.vim
188.039  000.522  000.522: require('treesitter-matchup.compat')
188.637  000.594  000.594: require('treesitter-matchup.third-party.query')
189.201  000.561  000.561: require('treesitter-matchup.third-party.lru')
189.764  000.561  000.561: require('treesitter-matchup.util')
190.378  000.610  000.610: require('treesitter-matchup.third-party.utils')
190.396  003.447  000.600: require('treesitter-matchup.internal')
190.889  000.015  000.015: sourcing /home/samay/.local/share/nvim/lazy/vim-matchup/autoload/matchup/re.vim
195.270  000.383  000.383: sourcing /home/samay/bin/nvim-linux-x86_64/share/nvim/runtime/syntax/lua.vim
199.568  000.512  000.512: require('gitsigns.status')
200.186  000.616  000.616: require('gitsigns.async')
201.376  000.557  000.557: require('gitsigns.util')
203.927  000.558  000.558: require('gitsigns.system.compat')
203.930  001.160  000.602: require('gitsigns.system')
203.932  001.961  000.801: require('gitsigns.git.cmd')
204.458  000.525  000.525: require('gitsigns.git.errors')
205.878  000.704  000.704: require('gitsigns.message')
205.885  001.423  000.719: require('gitsigns.git.version')
205.891  004.514  000.604: require('gitsigns.git.repo')
205.897  005.709  000.639: require('gitsigns.git')
206.538  000.640  000.640: require('gitsigns.cache')
208.184  001.040  001.040: require('gitsigns.diff')
208.750  000.564  000.564: require('gitsigns.hunks')
209.383  000.632  000.632: require('gitsigns.signs')
209.411  002.871  000.635: require('gitsigns.manager')
209.433  010.926  000.577: require('gitsigns.attach')
210.146  000.683  000.683: require('gitsigns.current_line_blame')
220.206  001.600  001.600: require('editorconfig')
220.494  032.775: opening buffers
220.509  000.015: BufEnter autocommands
220.513  000.004: editing files in windows
221.976  000.615  000.615: sourcing /home/samay/.local/share/nvim/lazy/which-key.nvim/plugin/which-key.lua
223.982  001.642  001.642: require('which-key')
224.939  000.954  000.954: require('which-key.config')
226.890  000.030  000.030: sourcing /home/samay/.local/share/nvim/lazy/plenary.nvim/plugin/plenary.vim
227.939  000.018  000.018: sourcing /home/samay/.local/share/nvim/lazy/todo-comments.nvim/plugin/todo.vim
231.680  000.951  000.951: require('todo-comments.util')
231.726  001.757  000.806: require('todo-comments.config')
233.441  001.020  001.020: require('todo-comments.highlight')
233.474  001.746  000.727: require('todo-comments.jump')
233.475  005.154  001.651: require('todo-comments')
237.010  000.823  000.823: sourcing /home/samay/.local/share/nvim/lazy/telescope.nvim/plugin/telescope.lua
239.489  000.650  000.650: require('telescope._extensions')
239.493  002.061  001.411: require('telescope')
239.998  000.503  000.503: require('telescope.themes')
242.297  000.733  000.733: require('plenary.bit')
242.913  000.613  000.613: require('plenary.functional')
242.936  001.898  000.552: require('plenary.path')
242.947  002.395  000.497: require('plenary.strings')
243.578  000.630  000.630: require('telescope.deprecated')
245.468  000.634  000.634: require('plenary.log')
245.494  001.185  000.551: require('telescope.log')
247.160  000.679  000.679: require('plenary.compat')
247.168  001.117  000.438: require('plenary.job')
247.696  000.527  000.527: require('telescope.state')
247.709  002.213  000.570: require('telescope.utils')
247.713  004.134  000.735: require('telescope.sorters')
248.983  008.978  001.819: require('telescope.config')
250.918  000.799  000.799: require('fzf_lib')
250.923  001.388  000.589: require('telescope._extensions.fzf')
251.496  000.567  000.567: require('telescope._extensions.ui-select')
254.555  000.483  000.483: require('plenary.tbl')
254.560  001.042  000.559: require('plenary.vararg.rotate')
254.561  001.509  000.467: require('plenary.vararg')
254.998  000.436  000.436: require('plenary.errors')
255.001  002.434  000.489: require('plenary.async.async')
257.203  000.599  000.599: require('plenary.async.structs')
257.209  001.177  000.578: require('plenary.async.control')
257.212  001.736  000.559: require('plenary.async.util')
257.214  002.212  000.476: require('plenary.async.tests')
257.215  005.114  000.469: require('plenary.async')
258.396  000.660  000.660: require('plenary.window.border')
258.853  000.454  000.454: require('plenary.window')
259.433  000.580  000.580: require('plenary.popup.utils')
259.435  002.219  000.525: require('plenary.popup')
260.840  000.642  000.642: require('telescope.pickers.scroller')
261.366  000.524  000.524: require('telescope.actions.state')
261.975  000.608  000.608: require('telescope.actions.utils')
263.080  000.505  000.505: require('telescope.actions.mt')
263.088  001.111  000.606: require('telescope.actions.set')
264.525  000.795  000.795: require('telescope.config.resolve')
264.528  001.440  000.644: require('telescope.pickers.entry_display')
265.230  000.701  000.701: require('telescope.from_entry')
265.306  005.867  000.842: require('telescope.actions')
266.108  000.801  000.801: require('telescope.debounce')
266.789  000.679  000.679: require('telescope.mappings')
267.495  000.704  000.704: require('telescope.pickers.highlights')
267.984  000.488  000.488: require('telescope.pickers.window')
269.085  000.558  000.558: require('telescope.algos.linked_list')
269.088  001.103  000.545: require('telescope.entry_manager')
269.597  000.507  000.507: require('telescope.pickers.multi')
269.606  018.108  000.624: require('telescope.pickers')
270.976  000.598  000.598: require('telescope.make_entry')
271.464  000.485  000.485: require('telescope.finders.async_static_finder')
272.822  000.452  000.452: require('plenary.class')
272.829  000.850  000.398: require('telescope._')
272.831  001.365  000.516: require('telescope.finders.async_oneshot_finder')
273.397  000.566  000.566: require('telescope.finders.async_job_finder')
273.401  003.794  000.780: require('telescope.finders')
273.877  000.469  000.469: require('vim.ui')
274.544  000.661  000.661: require('telescope.builtin')
274.903  008.625: VimEnter autocommands
274.930  000.027: UIEnter autocommands
274.931  000.001: before starting main loop
297.712  022.781: first screen update
297.715  000.003: --- NVIM STARTED ---

--- Startup times for process: Primary/TUI ---

times in msec
 clock   self+sourced   self:  sourced script
 clock   elapsed:              other lines

000.002  000.002: --- NVIM STARTING ---
000.117  000.115: event init
000.204  000.087: early init
000.268  000.064: locale set
000.318  000.049: init first window
003.013  002.695: inits 1
003.049  000.037: window checked
003.223  000.173: parsing arguments
003.785  000.029  000.029: require('vim.shared')
003.867  000.038  000.038: require('vim.inspect')
003.909  000.031  000.031: require('vim._options')
003.911  000.121  000.053: require('vim._editor')
003.912  000.195  000.045: require('vim._init_packages')
003.916  000.498: init lua interpreter
005.817  001.901: --- NVIM STARTED ---

--- Startup times for process: Embedded ---

times in msec
 clock   self+sourced   self:  sourced script
 clock   elapsed:              other lines

000.002  000.002: --- NVIM STARTING ---
000.108  000.107: event init
000.188  000.079: early init
000.246  000.059: locale set
000.298  000.051: init first window
037.526  037.229: inits 1
037.562  000.035: window checked
037.660  000.099: parsing arguments
038.055  000.025  000.025: require('vim.shared')
038.120  000.035  000.035: require('vim.inspect')
038.155  000.027  000.027: require('vim._options')
038.156  000.098  000.036: require('vim._editor')
038.157  000.156  000.033: require('vim._init_packages')
038.159  000.342: init lua interpreter
038.253  000.094: expanding arguments
038.269  000.016: inits 2
038.425  000.157: init highlight
038.426  000.001: waiting for UI
038.530  000.103: done waiting for UI
038.532  000.002: clear screen
038.585  000.006  000.006: require('vim.keymap')
042.399  003.478  003.478: require('vim.termcap')
043.955  001.544  001.544: require('vim.text')
044.041  005.508  000.480: require('vim._defaults')
044.043  000.003: init default mappings & autocommands
044.586  000.043  000.043: sourcing /home/samay/bin/nvim-linux-x86_64/share/nvim/runtime/ftplugin.vim
045.666  000.029  000.029: sourcing /home/samay/bin/nvim-linux-x86_64/share/nvim/runtime/indent.vim
049.313  000.005  000.005: require('vim.F')
049.339  001.549  001.544: require('vim.diagnostic')
051.936  002.489  002.489: require('lazy')
051.996  000.010  000.010: require('ffi')
052.035  000.019  000.019: require('vim.fs')
053.029  000.973  000.973: require('vim.uri')
053.042  001.044  000.052: require('vim.loader')
054.981  001.917  001.917: require('lazy.stats')
056.269  001.245  001.245: require('lazy.core.util')
057.416  001.144  001.144: require('lazy.core.config')
060.210  001.457  001.457: require('lazy.core.handler')
064.959  001.585  001.585: require('lazy.pkg')
064.966  003.307  001.722: require('lazy.core.meta')
064.972  004.759  001.452: require('lazy.core.plugin')
064.978  007.558  001.342: require('lazy.core.loader')
066.471  001.160  001.160: require('lazy.core.fragments')
072.800  001.417  001.417: require('lazy.core.handler.event')
072.806  002.619  001.202: require('lazy.core.handler.ft')
074.439  001.629  001.629: require('lazy.core.handler.keys')
075.721  001.277  001.277: require('lazy.core.handler.cmd')
079.556  003.061  003.061: sourcing /home/samay/bin/nvim-linux-x86_64/share/nvim/runtime/filetype.lua
090.384  001.766  001.766: require('nvim-treesitter.utils')
142.811  001.102  001.102: require('vim.treesitter.language')
144.049  001.226  001.226: require('vim.func')
145.132  001.079  001.079: require('vim.func._memoize')
145.181  005.287  001.880: require('vim.treesitter.query')
146.063  000.881  000.881: require('vim.treesitter._range')
146.090  008.532  002.364: require('vim.treesitter.languagetree')
146.095  053.981  045.449: require('vim.treesitter')
146.783  056.394  002.413: require('nvim-treesitter.parsers')
150.891  001.094  001.094: require('nvim-treesitter.compat')
152.835  000.947  000.947: require('nvim-treesitter.ts_utils')
152.852  001.958  001.011: require('nvim-treesitter.tsrange')
154.491  001.638  001.638: require('nvim-treesitter.caching')
154.500  005.567  000.877: require('nvim-treesitter.query')
154.510  006.872  001.306: require('nvim-treesitter.configs')
154.514  007.728  000.856: require('nvim-treesitter.info')
155.955  001.440  001.440: require('nvim-treesitter.shell_command_selectors')
155.982  068.718  001.390: require('nvim-treesitter.install')
157.649  001.666  001.666: require('nvim-treesitter.statusline')
159.453  001.795  001.795: require('nvim-treesitter.query_predicates')
159.458  076.915  004.737: require('nvim-treesitter')
159.943  078.476  001.561: sourcing /home/samay/.local/share/nvim/lazy/nvim-treesitter/plugin/nvim-treesitter.lua
163.854  001.356  001.356: require('nvim-treesitter.indent')
165.851  001.969  001.969: require('nvim-treesitter.highlight')
167.546  000.311  000.311: sourcing /home/samay/.local/share/nvim/lazy/vim-sleuth/plugin/sleuth.vim
176.944  004.159  004.159: require('gitsigns')
179.421  002.409  002.409: require('gitsigns.highlight')
181.386  001.946  001.946: require('gitsigns.debug.log')
183.053  001.664  001.664: require('gitsigns.config')
184.981  001.585  001.585: require('gitsigns.debounce')
184.992  013.761  001.998: sourcing /home/samay/.local/share/nvim/lazy/gitsigns.nvim/plugin/gitsigns.lua
192.473  002.009  002.009: require('gitsigns.async')
192.603  002.252  000.242: sourcing /home/samay/bin/nvim-linux-x86_64/share/nvim/runtime/plugin/matchparen.vim
194.218  000.279  000.279: sourcing /home/samay/.local/share/nvim/lazy/vim-matchup/autoload/matchup.vim
195.552  000.075  000.075: sourcing /home/samay/.local/share/nvim/lazy/vim-matchup/autoload/matchup/perf.vim
199.428  002.243  002.243: require('treesitter-matchup')
199.588  002.469  000.226: sourcing /home/samay/.local/share/nvim/lazy/vim-matchup/autoload/matchup/loader.vim
201.236  000.291  000.291: sourcing /home/samay/.local/share/nvim/lazy/vim-matchup/autoload/matchup/matchparen.vim
202.118  014.222  008.857: sourcing /home/samay/.local/share/nvim/lazy/vim-matchup/plugin/matchup.vim
207.965  000.890  000.890: require('monokai-pro.util')
208.041  002.237  001.348: require('monokai-pro.config')
236.434  027.562  027.562: require('monokai-pro.color_helper')
237.651  001.211  001.211: require('monokai-pro.colorscheme')
237.664  029.622  000.848: require('monokai-pro.theme')
239.099  001.434  001.434: require('monokai-pro.command')
239.102  036.433  003.139: require('monokai-pro')
246.044  000.880  000.880: require('monokai-pro.util.theme')
247.220  001.172  001.172: require('monokai-pro.devicons')
248.432  001.006  001.006: require('monokai-pro.colorscheme.palette.pro')
249.629  000.863  000.863: require('monokai-pro.theme.editor')
250.464  000.822  000.822: require('monokai-pro.theme.syntax')
251.424  000.954  000.954: require('monokai-pro.theme.semantic_tokens')
252.354  000.918  000.918: require('monokai-pro.theme.extra')
253.359  000.913  000.913: require('monokai-pro.theme.plugins.mini')
254.444  001.048  001.048: require('monokai-pro.theme.plugins.aerial')
255.361  000.870  000.870: require('monokai-pro.theme.plugins.alpha')
256.155  000.744  000.744: require('monokai-pro.theme.plugins.beacon')
257.028  000.824  000.824: require('monokai-pro.theme.plugins.blink')
257.938  000.853  000.853: require('monokai-pro.theme.plugins.breadcrumb')
258.860  000.872  000.872: require('monokai-pro.theme.plugins.bufferline')
260.089  000.891  000.891: require('monokai-pro.theme.plugins.cmp')
260.959  000.803  000.803: require('monokai-pro.theme.plugins.coc')
261.753  000.727  000.727: require('monokai-pro.theme.plugins.dashboard')
262.681  000.796  000.796: require('monokai-pro.theme.plugins.fidget')
263.587  000.784  000.784: require('monokai-pro.theme.plugins.fzf-lua')
264.821  000.955  000.955: require('monokai-pro.theme.plugins.gitsign')
265.897  000.830  000.830: require('monokai-pro.theme.plugins.illuminate')
267.037  000.914  000.914: require('monokai-pro.theme.plugins.indent_blankline')
268.182  000.907  000.907: require('monokai-pro.theme.plugins.lazy')
269.967  001.139  001.139: require('monokai-pro.theme.plugins.lsp')
271.011  000.947  000.947: require('monokai-pro.theme.plugins.mason')
271.999  000.911  000.911: require('monokai-pro.theme.plugins.neo-tree')
273.059  000.969  000.969: require('monokai-pro.theme.plugins.noice')
274.357  001.220  001.220: require('monokai-pro.theme.plugins.notify')
275.564  001.058  001.058: require('monokai-pro.theme.plugins.nvim-navic')
276.685  001.030  001.030: require('monokai-pro.theme.plugins.nvim-tree')
278.156  001.372  001.372: require('monokai-pro.theme.plugins.nvim-treesitter')
279.160  000.835  000.835: require('monokai-pro.theme.plugins.nvim-ts-rainbow2')
280.311  000.778  000.778: require('monokai-pro.theme.plugins.packer')
281.625  000.920  000.920: require('monokai-pro.theme.plugins.rainbow-delimiters')
283.334  000.835  000.835: require('monokai-pro.theme.plugins.renamer')
284.283  000.824  000.824: require('monokai-pro.theme.plugins.scrollbar')
336.780  052.347  052.347: require('monokai-pro.theme.plugins.snacks')
338.043  001.010  001.010: require('monokai-pro.theme.plugins.telescope')
339.142  000.938  000.938: require('monokai-pro.theme.plugins.toggleterm')
340.526  001.234  001.234: require('monokai-pro.theme.plugins.ufo')
341.633  000.953  000.953: require('monokai-pro.theme.plugins.which-key')
343.436  000.995  000.995: require('monokai-pro.theme.plugins.wilder')
345.675  000.861  000.861: require('monokai-pro.util.extra')
348.562  001.182  001.182: require('monokai-pro.autocmds')
348.565  104.548  011.843: sourcing /home/samay/.local/share/nvim/lazy/monokai-pro.nvim/colors/monokai-pro.lua
350.662  001.250  001.250: require('monokai-pro.util.devicons')
368.514  003.578  003.578: require('mini.ai')
369.968  001.204  001.204: require('mini.surround')
371.892  001.758  001.758: require('mini.statusline')
379.418  002.802  002.802: require('mason-core.path')
383.988  001.525  001.525: require('mason-core.functional.data')
385.062  001.069  001.069: require('mason-core.functional.function')
386.133  001.067  001.067: require('mason-core.functional.list')
387.228  001.062  001.062: require('mason-core.functional.relation')
388.143  000.913  000.913: require('mason-core.functional.logic')
389.014  000.868  000.868: require('mason-core.functional.number')
390.243  001.225  001.225: require('mason-core.functional.string')
391.947  001.701  001.701: require('mason-core.functional.table')
393.282  001.332  001.332: require('mason-core.functional.type')
393.284  012.456  001.696: require('mason-core.functional')
393.320  013.899  001.442: require('mason-core.platform')
394.186  000.864  000.864: require('mason.settings')
394.189  018.424  000.859: require('mason-core.installer.InstallLocation')
396.540  000.772  000.772: require('mason-core.log')
396.543  001.506  000.734: require('mason-core.EventEmitter')
397.317  000.773  000.773: require('mason-registry.sources')
397.321  003.130  000.852: require('mason-registry')
397.323  024.046  002.492: require('mason')
398.012  000.598  000.598: require('mason.api.command')
442.705  001.397  001.397: require('mason.version')
442.720  003.576  002.179: require('mason-tool-installer')
442.735  004.561  000.985: sourcing /home/samay/.local/share/nvim/lazy/mason-tool-installer.nvim/plugin/mason-tool-installer.lua
454.202  001.680  001.680: require('fidget.spinner.patterns')
454.205  003.290  001.610: require('fidget.spinner')
455.903  001.695  001.695: require('fidget.options')
455.907  006.733  001.747: require('fidget.progress.display')
463.202  005.792  005.792: require('fidget.logger')
466.741  001.986  001.986: require('vim.lsp.log')
468.470  001.723  001.723: require('vim.lsp.protocol')
473.701  002.822  002.822: require('vim.lsp._snippet_grammar')
475.667  001.955  001.955: require('vim.highlight')
475.707  007.233  002.456: require('vim.lsp.util')
478.781  001.341  001.341: require('vim.lsp.sync')
478.798  003.086  001.745: require('vim.lsp._changetracking')
480.106  001.305  001.305: require('vim.lsp.rpc')
480.229  017.021  001.689: require('vim.lsp')
481.394  001.162  001.162: require('vim.lsp.handlers')
481.402  025.494  001.519: require('fidget.progress.lsp')
488.039  002.281  002.281: require('fidget.poll')
488.045  003.711  001.430: require('fidget.notification.model')
489.568  001.522  001.522: require('fidget.notification.window')
490.875  001.303  001.303: require('fidget.notification.view')
490.955  008.266  001.731: require('fidget.notification')
490.958  009.554  001.288: require('fidget.progress.handle')
490.986  043.188  001.407: require('fidget.progress')
492.396  001.407  001.407: require('fidget.commands')
495.426  001.493  001.493: require('fidget.integration.nvim-tree')
496.875  001.445  001.445: require('fidget.integration.xcodebuild-nvim')
496.880  004.480  001.542: require('fidget.integration')
496.913  052.885  003.810: require('fidget')
504.677  002.596  002.596: require('lspconfig.util')
506.545  001.861  001.861: require('vim.version')
508.290  007.786  003.329: sourcing /home/samay/.local/share/nvim/lazy/nvim-lspconfig/plugin/lspconfig.lua
543.574  001.438  001.438: require('cmp_nvim_lsp.source')
543.580  005.478  004.039: require('cmp_nvim_lsp')
548.134  001.756  001.756: require('lspconfig.async')
548.138  003.140  001.385: require('lspconfig.configs')
548.148  004.369  001.228: require('lspconfig')
549.262  001.112  001.112: require('lspconfig.configs.lua_ls')
551.164  001.298  001.298: require('lspconfig.manager')
556.627  001.047  001.047: require('osc52.base64')
556.633  005.372  004.326: require('osc52')
558.991  000.985  000.985: sourcing /home/samay/bin/nvim-linux-x86_64/share/nvim/runtime/plugin/editorconfig.lua
560.598  000.103  000.103: sourcing /home/samay/bin/nvim-linux-x86_64/share/nvim/runtime/plugin/gzip.vim
562.868  001.146  001.146: sourcing /home/samay/bin/nvim-linux-x86_64/share/nvim/runtime/plugin/man.lua
565.166  000.017  000.017: sourcing /home/samay/bin/nvim-linux-x86_64/share/nvim/runtime/plugin/matchit.vim
566.694  000.014  000.014: sourcing /home/samay/bin/nvim-linux-x86_64/share/nvim/runtime/plugin/matchparen.vim
568.130  000.294  000.294: sourcing /home/samay/bin/nvim-linux-x86_64/share/nvim/runtime/plugin/netrwPlugin.vim
570.618  001.215  001.215: sourcing /home/samay/bin/nvim-linux-x86_64/share/nvim/runtime/plugin/osc52.lua
572.541  000.187  000.187: sourcing /home/samay/bin/nvim-linux-x86_64/share/nvim/runtime/plugin/rplugin.vim
574.125  000.062  000.062: sourcing /home/samay/bin/nvim-linux-x86_64/share/nvim/runtime/plugin/shada.vim
575.698  000.028  000.028: sourcing /home/samay/bin/nvim-linux-x86_64/share/nvim/runtime/plugin/spellfile.vim
578.591  000.100  000.100: sourcing /home/samay/bin/nvim-linux-x86_64/share/nvim/runtime/plugin/tarPlugin.vim
581.239  001.258  001.258: sourcing /home/samay/bin/nvim-linux-x86_64/share/nvim/runtime/plugin/tohtml.lua
582.382  000.022  000.022: sourcing /home/samay/bin/nvim-linux-x86_64/share/nvim/runtime/plugin/tutor.vim
583.412  000.081  000.081: sourcing /home/samay/bin/nvim-linux-x86_64/share/nvim/runtime/plugin/zipPlugin.vim
585.915  000.889  000.889: sourcing /home/samay/.local/share/nvim/lazy/cmp-nvim-lsp/after/plugin/cmp_nvim_lsp.lua
587.298  000.005  000.005: sourcing /home/samay/.local/share/nvim/lazy/vim-matchup/after/plugin/matchit.vim
587.778  541.023  141.545: sourcing /home/samay/.config/nvim/init.lua
588.247  003.110: sourcing vimrc file(s)
591.476  002.571  002.571: sourcing /home/samay/bin/nvim-linux-x86_64/share/nvim/runtime/filetype.lua
593.835  000.056  000.056: sourcing /home/samay/bin/nvim-linux-x86_64/share/nvim/runtime/syntax/synload.vim
594.890  001.692  001.636: sourcing /home/samay/bin/nvim-linux-x86_64/share/nvim/runtime/syntax/syntax.vim
595.551  003.040: inits 3
600.307  004.756: reading ShaDa
646.614  001.218  001.218: require('vim.filetype')
649.479  000.094  000.094: sourcing /home/samay/bin/nvim-linux-x86_64/share/nvim/runtime/ftplugin/lua.vim
669.778  002.106  002.106: require('vim.treesitter.highlighter')
669.989  018.770  016.664: sourcing /home/samay/bin/nvim-linux-x86_64/share/nvim/runtime/ftplugin/lua.lua
674.646  000.137  000.137: sourcing /home/samay/.local/share/nvim/lazy/vim-matchup/autoload/matchup/util.vim
675.157  001.665  001.527: sourcing /home/samay/.local/share/nvim/lazy/vim-matchup/after/ftplugin/lua_matchup.vim
677.194  000.046  000.046: sourcing /home/samay/bin/nvim-linux-x86_64/share/nvim/runtime/indent/lua.vim
681.852  003.701  003.701: require('lazydev')
684.013  002.147  002.147: require('lazydev.config')
685.615  001.479  001.479: require('lazydev.util')
688.290  000.072  000.072: sourcing /home/samay/bin/nvim-linux-x86_64/share/nvim/runtime/ftplugin/lua.vim
692.116  001.908  001.908: sourcing /home/samay/bin/nvim-linux-x86_64/share/nvim/runtime/ftplugin/lua.lua
696.995  000.076  000.076: sourcing /home/samay/.local/share/nvim/lazy/vim-matchup/after/ftplugin/lua_matchup.vim
699.995  000.030  000.030: sourcing /home/samay/bin/nvim-linux-x86_64/share/nvim/runtime/indent/lua.vim
702.691  000.054  000.054: sourcing /home/samay/.local/share/nvim/lazy/vim-matchup/autoload/matchup/ts_engine.vim
737.565  001.242  001.242: require('treesitter-matchup.compat')
738.700  001.129  001.129: require('treesitter-matchup.third-party.query')
740.041  001.338  001.338: require('treesitter-matchup.third-party.lru')
741.940  001.896  001.896: require('treesitter-matchup.util')
743.342  001.399  001.399: require('treesitter-matchup.third-party.utils')
743.351  040.148  033.144: require('treesitter-matchup.internal')
744.276  000.016  000.016: sourcing /home/samay/.local/share/nvim/lazy/vim-matchup/autoload/matchup/re.vim
749.906  001.324  001.324: require('vim.lsp.client')
753.599  002.049  002.049: require('vim.glob')
753.603  003.649  001.600: require('vim.lsp._dynamic')
755.272  001.645  001.645: require('vim._system')
762.721  000.480  000.480: sourcing /home/samay/bin/nvim-linux-x86_64/share/nvim/runtime/syntax/lua.vim
771.259  001.530  001.530: require('gitsigns.status')
775.026  001.815  001.815: require('gitsigns.util')
781.878  001.544  001.544: require('gitsigns.system.compat')
781.881  003.496  001.952: require('gitsigns.system')
781.885  005.052  001.556: require('gitsigns.git.cmd')
783.541  001.655  001.655: require('gitsigns.git.errors')
786.256  000.925  000.925: require('gitsigns.message')
786.261  002.717  001.792: require('gitsigns.git.version')
786.266  011.236  001.813: require('gitsigns.git.repo')
786.269  015.004  001.952: require('gitsigns.git')
787.902  001.632  001.632: require('gitsigns.cache')
791.730  002.400  002.400: require('gitsigns.diff')
793.553  001.821  001.821: require('gitsigns.hunks')
795.083  001.527  001.527: require('gitsigns.signs')
795.115  007.210  001.461: require('gitsigns.manager')
795.123  026.980  001.605: require('gitsigns.attach')
796.886  001.726  001.726: require('gitsigns.current_line_blame')
800.647  001.488  001.488: require('editorconfig')
800.984  091.960: opening buffers
801.460  000.476: BufEnter autocommands
801.467  000.007: editing files in windows
804.943  000.039  000.039: sourcing /home/samay/.local/share/nvim/lazy/plenary.nvim/plugin/plenary.vim
807.698  000.021  000.021: sourcing /home/samay/.local/share/nvim/lazy/todo-comments.nvim/plugin/todo.vim
837.350  001.055  001.055: require('todo-comments.util')
837.377  026.220  025.165: require('todo-comments.config')
841.654  002.636  002.636: require('todo-comments.highlight')
841.672  004.293  001.656: require('todo-comments.jump')
841.676  033.358  002.845: require('todo-comments')
865.832  013.446  013.446: sourcing /home/samay/.local/share/nvim/lazy/telescope.nvim/plugin/telescope.lua
910.263  013.926  013.926: require('telescope._extensions')
910.271  039.930  026.004: require('telescope')
926.529  016.256  016.256: require('telescope.themes')
936.005  002.231  002.231: require('plenary.bit')
937.625  001.614  001.614: require('plenary.functional')
937.663  005.686  001.840: require('plenary.path')
937.675  007.443  001.757: require('plenary.strings')
939.914  002.237  002.237: require('telescope.deprecated')
944.167  001.402  001.402: require('plenary.log')
944.264  002.778  001.376: require('telescope.log')
949.333  001.425  001.425: require('plenary.compat')
949.342  003.472  002.047: require('plenary.job')
950.688  001.345  001.345: require('telescope.state')
950.708  006.442  001.624: require('telescope.utils')
950.719  010.800  001.580: require('telescope.sorters')
952.905  026.346  005.866: require('telescope.config')
958.934  002.238  002.238: require('fzf_lib')
958.939  003.637  001.399: require('telescope._extensions.fzf')
960.117  001.172  001.172: require('telescope._extensions.ui-select')
969.601  001.250  001.250: require('plenary.tbl')
969.605  002.847  001.598: require('plenary.vararg.rotate')
969.607  004.056  001.208: require('plenary.vararg')
971.048  001.441  001.441: require('plenary.errors')
971.053  007.972  002.475: require('plenary.async.async')
976.038  001.351  001.351: require('plenary.async.structs')
976.047  002.530  001.179: require('plenary.async.control')
976.051  003.894  001.364: require('plenary.async.util')
976.053  004.998  001.105: require('plenary.async.tests')
976.055  014.743  001.773: require('plenary.async')
979.057  001.794  001.794: require('plenary.window.border')
980.226  001.166  001.166: require('plenary.window')
981.358  001.129  001.129: require('plenary.popup.utils')
981.361  005.305  001.216: require('plenary.popup')
983.780  001.210  001.210: require('telescope.pickers.scroller')
984.694  000.912  000.912: require('telescope.actions.state')
985.759  001.063  001.063: require('telescope.actions.utils')
987.738  001.068  001.068: require('telescope.actions.mt')
987.749  001.988  000.920: require('telescope.actions.set')
990.019  001.267  001.267: require('telescope.config.resolve')
990.028  002.277  001.010: require('telescope.pickers.entry_display')
991.271  001.240  001.240: require('telescope.from_entry')
991.652  010.290  001.601: require('telescope.actions')
993.164  001.508  001.508: require('telescope.debounce')
994.524  001.354  001.354: require('telescope.mappings')
995.676  001.148  001.148: require('telescope.pickers.highlights')
996.709  001.030  001.030: require('telescope.pickers.window')
1000.332  001.693  001.693: require('telescope.algos.linked_list')
1000.338  003.622  001.929: require('telescope.entry_manager')
1002.055  001.715  001.715: require('telescope.pickers.multi')
1002.084  041.962  001.247: require('telescope.pickers')
1005.306  001.498  001.498: require('telescope.make_entry')
1037.016  031.707  031.707: require('telescope.finders.async_static_finder')
1041.635  001.503  001.503: require('plenary.class')
1041.648  002.739  001.236: require('telescope._')
1041.650  004.625  001.886: require('telescope.finders.async_oneshot_finder')
1043.256  001.605  001.605: require('telescope.finders.async_job_finder')
1043.266  041.180  001.744: require('telescope.finders')
1044.482  001.195  001.195: require('vim.ui')
1045.760  001.260  001.260: require('telescope.builtin')
1048.391  001.156  001.156: sourcing /home/samay/.local/share/nvim/lazy/which-key.nvim/plugin/which-key.lua
1051.566  002.604  002.604: require('which-key')
1052.921  001.352  001.352: require('which-key.config')
1053.125  026.746: VimEnter autocommands
1053.159  000.034: UIEnter autocommands
1053.161  000.001: before starting main loop
1066.967  013.806: first screen update
1066.970  000.003: --- NVIM STARTED ---

